2021-02-25 17:51:22,237 [Worker-2: Updating Maven Dependencies] INFO  o.e.m.c.i.l.LifecycleMappingFactory - Using org.eclipse.m2e.jdt.JarLifecycleMapping lifecycle mapping for MavenProject: com.gm:notes:0.0.1-SNAPSHOT @ /Users/gasparemascolino/Library/Mobile Documents/com~apple~CloudDocs/Codes/SPRING/SPRING_BOOT/exercise-book/notes/pom.xml.
2021-02-25 17:51:22,345 [Worker-5: Building] INFO  o.e.m.c.i.l.LifecycleMappingFactory - Using org.eclipse.m2e.jdt.JarLifecycleMapping lifecycle mapping for MavenProject: com.gm:notes:0.0.1-SNAPSHOT @ /Users/gasparemascolino/Library/Mobile Documents/com~apple~CloudDocs/Codes/SPRING/SPRING_BOOT/exercise-book/notes/pom.xml.
2021-02-25 17:51:23,163 [Worker-5: Building] INFO  o.e.m.c.i.embedder.EclipseLogger - Using 'UTF-8' encoding to copy filtered resources.
2021-02-25 17:51:23,163 [Worker-5: Building] INFO  o.e.m.c.i.embedder.EclipseLogger - Using 'UTF-8' encoding to copy filtered properties files.
2021-02-25 17:51:23,166 [Worker-5: Building] INFO  o.e.m.c.i.embedder.EclipseLogger - Copying 1 resource
2021-02-25 17:51:23,181 [Worker-5: Building] INFO  o.e.m.c.i.embedder.EclipseLogger - Copying 0 resource
2021-02-25 17:51:23,186 [Worker-5: Building] INFO  o.e.m.c.i.embedder.EclipseLogger - Using 'UTF-8' encoding to copy filtered resources.
2021-02-25 17:51:23,186 [Worker-5: Building] INFO  o.e.m.c.i.embedder.EclipseLogger - Using 'UTF-8' encoding to copy filtered properties files.
2021-02-25 17:51:23,186 [Worker-5: Building] INFO  o.e.m.c.i.embedder.EclipseLogger - skip non existing resourceDirectory /Users/gasparemascolino/Library/Mobile Documents/com~apple~CloudDocs/Codes/SPRING/SPRING_BOOT/exercise-book/notes/src/test/resources
2021-02-25 17:51:23,700 [Worker-5: Building] INFO  o.e.m.c.i.embedder.EclipseLogger - Using 'UTF-8' encoding to copy filtered resources.
2021-02-25 17:51:23,700 [Worker-5: Building] INFO  o.e.m.c.i.embedder.EclipseLogger - Using 'UTF-8' encoding to copy filtered properties files.
2021-02-25 17:51:23,701 [Worker-5: Building] INFO  o.e.m.c.i.embedder.EclipseLogger - Copying 1 resource
2021-02-25 17:51:23,703 [Worker-5: Building] INFO  o.e.m.c.i.embedder.EclipseLogger - Copying 0 resource
2021-02-25 17:51:23,705 [Worker-5: Building] INFO  o.e.m.c.i.embedder.EclipseLogger - Using 'UTF-8' encoding to copy filtered resources.
2021-02-25 17:51:23,705 [Worker-5: Building] INFO  o.e.m.c.i.embedder.EclipseLogger - Using 'UTF-8' encoding to copy filtered properties files.
2021-02-25 17:51:23,705 [Worker-5: Building] INFO  o.e.m.c.i.embedder.EclipseLogger - skip non existing resourceDirectory /Users/gasparemascolino/Library/Mobile Documents/com~apple~CloudDocs/Codes/SPRING/SPRING_BOOT/exercise-book/notes/src/test/resources
2021-02-25 17:51:24,468 [Worker-6: Updating Maven Dependencies] INFO  o.e.m.c.i.l.LifecycleMappingFactory - Using org.eclipse.m2e.jdt.JarLifecycleMapping lifecycle mapping for MavenProject: com.gm:notes:0.0.1-SNAPSHOT @ /Users/gasparemascolino/Library/Mobile Documents/com~apple~CloudDocs/Codes/SPRING/SPRING_BOOT/exercise-book/notes/pom.xml.
2021-02-25 17:51:25,185 [Worker-4: Building] INFO  o.e.m.c.i.embedder.EclipseLogger - Using 'UTF-8' encoding to copy filtered resources.
2021-02-25 17:51:25,185 [Worker-4: Building] INFO  o.e.m.c.i.embedder.EclipseLogger - Using 'UTF-8' encoding to copy filtered properties files.
2021-02-25 17:51:25,187 [Worker-4: Building] INFO  o.e.m.c.i.embedder.EclipseLogger - Copying 0 resource
2021-02-25 17:51:25,188 [Worker-4: Building] INFO  o.e.m.c.i.embedder.EclipseLogger - Copying 0 resource
2021-02-25 17:51:25,191 [Worker-4: Building] INFO  o.e.m.c.i.embedder.EclipseLogger - Using 'UTF-8' encoding to copy filtered resources.
2021-02-25 17:51:25,191 [Worker-4: Building] INFO  o.e.m.c.i.embedder.EclipseLogger - Using 'UTF-8' encoding to copy filtered properties files.
2021-02-25 17:51:25,191 [Worker-4: Building] INFO  o.e.m.c.i.embedder.EclipseLogger - skip non existing resourceDirectory /Users/gasparemascolino/Library/Mobile Documents/com~apple~CloudDocs/Codes/SPRING/SPRING_BOOT/exercise-book/notes/src/test/resources
2021-02-25 17:51:37,286 [Worker-0: Loading available Gradle versions] INFO  o.e.b.c.i.u.g.PublishedGradleVersions - Gradle version information cache is up-to-date. Trying to read.
2021-02-25 17:53:40,172 [Worker-6: Building] INFO  o.e.m.c.i.embedder.EclipseLogger - Using 'UTF-8' encoding to copy filtered resources.
2021-02-25 17:53:40,172 [Worker-6: Building] INFO  o.e.m.c.i.embedder.EclipseLogger - Using 'UTF-8' encoding to copy filtered properties files.
2021-02-25 17:53:40,172 [Worker-6: Building] INFO  o.e.m.c.i.embedder.EclipseLogger - Copying 0 resource
2021-02-25 17:53:40,172 [Worker-6: Building] INFO  o.e.m.c.i.embedder.EclipseLogger - Copying 0 resource
2021-02-25 17:53:40,173 [Worker-6: Building] INFO  o.e.m.c.i.embedder.EclipseLogger - Using 'UTF-8' encoding to copy filtered resources.
2021-02-25 17:53:40,173 [Worker-6: Building] INFO  o.e.m.c.i.embedder.EclipseLogger - Using 'UTF-8' encoding to copy filtered properties files.
2021-02-25 17:53:40,173 [Worker-6: Building] INFO  o.e.m.c.i.embedder.EclipseLogger - skip non existing resourceDirectory /Users/gasparemascolino/Library/Mobile Documents/com~apple~CloudDocs/Codes/SPRING/SPRING_BOOT/exercise-book/notes/src/test/resources
2021-02-25 17:53:44,395 [Worker-6: Building] INFO  o.e.m.c.i.embedder.EclipseLogger - Using 'UTF-8' encoding to copy filtered resources.
2021-02-25 17:53:44,395 [Worker-6: Building] INFO  o.e.m.c.i.embedder.EclipseLogger - Using 'UTF-8' encoding to copy filtered properties files.
2021-02-25 17:53:44,395 [Worker-6: Building] INFO  o.e.m.c.i.embedder.EclipseLogger - Copying 1 resource
2021-02-25 17:53:44,401 [Worker-6: Building] INFO  o.e.m.c.i.embedder.EclipseLogger - Copying 0 resource
2021-02-25 17:53:44,402 [Worker-6: Building] INFO  o.e.m.c.i.embedder.EclipseLogger - Using 'UTF-8' encoding to copy filtered resources.
2021-02-25 17:53:44,402 [Worker-6: Building] INFO  o.e.m.c.i.embedder.EclipseLogger - Using 'UTF-8' encoding to copy filtered properties files.
2021-02-25 17:53:44,402 [Worker-6: Building] INFO  o.e.m.c.i.embedder.EclipseLogger - skip non existing resourceDirectory /Users/gasparemascolino/Library/Mobile Documents/com~apple~CloudDocs/Codes/SPRING/SPRING_BOOT/exercise-book/notes/src/test/resources
2021-02-25 17:55:02,085 [Worker-10: Building] INFO  o.e.m.c.i.embedder.EclipseLogger - Using 'UTF-8' encoding to copy filtered resources.
2021-02-25 17:55:02,085 [Worker-10: Building] INFO  o.e.m.c.i.embedder.EclipseLogger - Using 'UTF-8' encoding to copy filtered properties files.
2021-02-25 17:55:02,085 [Worker-10: Building] INFO  o.e.m.c.i.embedder.EclipseLogger - Copying 0 resource
2021-02-25 17:55:02,085 [Worker-10: Building] INFO  o.e.m.c.i.embedder.EclipseLogger - Copying 0 resource
2021-02-25 17:55:02,086 [Worker-10: Building] INFO  o.e.m.c.i.embedder.EclipseLogger - Using 'UTF-8' encoding to copy filtered resources.
2021-02-25 17:55:02,086 [Worker-10: Building] INFO  o.e.m.c.i.embedder.EclipseLogger - Using 'UTF-8' encoding to copy filtered properties files.
2021-02-25 17:55:02,087 [Worker-10: Building] INFO  o.e.m.c.i.embedder.EclipseLogger - skip non existing resourceDirectory /Users/gasparemascolino/Library/Mobile Documents/com~apple~CloudDocs/Codes/SPRING/SPRING_BOOT/exercise-book/notes/src/test/resources
2021-02-25 17:55:33,291 [Worker-1: Building] INFO  o.e.m.c.i.embedder.EclipseLogger - Using 'UTF-8' encoding to copy filtered resources.
2021-02-25 17:55:33,292 [Worker-1: Building] INFO  o.e.m.c.i.embedder.EclipseLogger - Using 'UTF-8' encoding to copy filtered properties files.
2021-02-25 17:55:33,292 [Worker-1: Building] INFO  o.e.m.c.i.embedder.EclipseLogger - Copying 1 resource
2021-02-25 17:55:33,293 [Worker-1: Building] INFO  o.e.m.c.i.embedder.EclipseLogger - Copying 0 resource
2021-02-25 17:55:33,294 [Worker-1: Building] INFO  o.e.m.c.i.embedder.EclipseLogger - Using 'UTF-8' encoding to copy filtered resources.
2021-02-25 17:55:33,294 [Worker-1: Building] INFO  o.e.m.c.i.embedder.EclipseLogger - Using 'UTF-8' encoding to copy filtered properties files.
2021-02-25 17:55:33,294 [Worker-1: Building] INFO  o.e.m.c.i.embedder.EclipseLogger - skip non existing resourceDirectory /Users/gasparemascolino/Library/Mobile Documents/com~apple~CloudDocs/Codes/SPRING/SPRING_BOOT/exercise-book/notes/src/test/resources
2021-02-25 17:56:17,477 [Worker-1: Building] INFO  o.e.m.c.i.embedder.EclipseLogger - Using 'UTF-8' encoding to copy filtered resources.
2021-02-25 17:56:17,478 [Worker-1: Building] INFO  o.e.m.c.i.embedder.EclipseLogger - Using 'UTF-8' encoding to copy filtered properties files.
2021-02-25 17:56:17,478 [Worker-1: Building] INFO  o.e.m.c.i.embedder.EclipseLogger - skip non existing resourceDirectory /Users/gasparemascolino/Library/Mobile Documents/com~apple~CloudDocs/Codes/SPRING/SPRING_BOOT/exercise-book/notes/src/main/resources
2021-02-25 17:56:17,478 [Worker-1: Building] INFO  o.e.m.c.i.embedder.EclipseLogger - skip non existing resourceDirectory /Users/gasparemascolino/Library/Mobile Documents/com~apple~CloudDocs/Codes/SPRING/SPRING_BOOT/exercise-book/notes/src/main/resources
2021-02-25 17:56:17,479 [Worker-1: Building] INFO  o.e.m.c.i.embedder.EclipseLogger - Using 'UTF-8' encoding to copy filtered resources.
2021-02-25 17:56:17,479 [Worker-1: Building] INFO  o.e.m.c.i.embedder.EclipseLogger - Using 'UTF-8' encoding to copy filtered properties files.
2021-02-25 17:56:17,479 [Worker-1: Building] INFO  o.e.m.c.i.embedder.EclipseLogger - skip non existing resourceDirectory /Users/gasparemascolino/Library/Mobile Documents/com~apple~CloudDocs/Codes/SPRING/SPRING_BOOT/exercise-book/notes/src/test/resources
2021-02-25 17:56:18,493 [Worker-1: Building] INFO  o.e.m.c.i.embedder.EclipseLogger - Using 'UTF-8' encoding to copy filtered resources.
2021-02-25 17:56:18,493 [Worker-1: Building] INFO  o.e.m.c.i.embedder.EclipseLogger - Using 'UTF-8' encoding to copy filtered properties files.
2021-02-25 17:56:18,493 [Worker-1: Building] INFO  o.e.m.c.i.embedder.EclipseLogger - skip non existing resourceDirectory /Users/gasparemascolino/Library/Mobile Documents/com~apple~CloudDocs/Codes/SPRING/SPRING_BOOT/exercise-book/notes/src/main/resources
2021-02-25 17:56:18,493 [Worker-1: Building] INFO  o.e.m.c.i.embedder.EclipseLogger - skip non existing resourceDirectory /Users/gasparemascolino/Library/Mobile Documents/com~apple~CloudDocs/Codes/SPRING/SPRING_BOOT/exercise-book/notes/src/main/resources
2021-02-25 17:56:18,494 [Worker-1: Building] INFO  o.e.m.c.i.embedder.EclipseLogger - Using 'UTF-8' encoding to copy filtered resources.
2021-02-25 17:56:18,494 [Worker-1: Building] INFO  o.e.m.c.i.embedder.EclipseLogger - Using 'UTF-8' encoding to copy filtered properties files.
2021-02-25 17:56:18,494 [Worker-1: Building] INFO  o.e.m.c.i.embedder.EclipseLogger - skip non existing resourceDirectory /Users/gasparemascolino/Library/Mobile Documents/com~apple~CloudDocs/Codes/SPRING/SPRING_BOOT/exercise-book/notes/src/test/resources
2021-02-25 17:56:28,935 [Worker-6: Loading available Gradle versions] INFO  o.e.b.c.i.u.g.PublishedGradleVersions - Gradle version information cache is up-to-date. Trying to read.
2021-02-25 17:57:33,763 [Worker-10: Updating Maven Dependencies] INFO  o.e.m.c.i.l.LifecycleMappingFactory - Using org.eclipse.m2e.jdt.JarLifecycleMapping lifecycle mapping for MavenProject: com.gm:notes:0.0.1-SNAPSHOT @ /Users/gasparemascolino/Library/Mobile Documents/com~apple~CloudDocs/Codes/SPRING/SPRING_BOOT/notes/pom.xml.
2021-02-25 17:57:33,763 [Worker-1: Building] INFO  o.e.m.c.i.l.LifecycleMappingFactory - Using org.eclipse.m2e.jdt.JarLifecycleMapping lifecycle mapping for MavenProject: com.gm:notes:0.0.1-SNAPSHOT @ /Users/gasparemascolino/Library/Mobile Documents/com~apple~CloudDocs/Codes/SPRING/SPRING_BOOT/notes/pom.xml.
2021-02-25 17:57:34,637 [Worker-1: Building] INFO  o.e.m.c.i.embedder.EclipseLogger - Using 'UTF-8' encoding to copy filtered resources.
2021-02-25 17:57:34,637 [Worker-1: Building] INFO  o.e.m.c.i.embedder.EclipseLogger - Using 'UTF-8' encoding to copy filtered properties files.
2021-02-25 17:57:34,640 [Worker-1: Building] INFO  o.e.m.c.i.embedder.EclipseLogger - Copying 1 resource
2021-02-25 17:57:34,658 [Worker-1: Building] INFO  o.e.m.c.i.embedder.EclipseLogger - Copying 0 resource
2021-02-25 17:57:34,662 [Worker-1: Building] INFO  o.e.m.c.i.embedder.EclipseLogger - Using 'UTF-8' encoding to copy filtered resources.
2021-02-25 17:57:34,663 [Worker-1: Building] INFO  o.e.m.c.i.embedder.EclipseLogger - Using 'UTF-8' encoding to copy filtered properties files.
2021-02-25 17:57:34,663 [Worker-1: Building] INFO  o.e.m.c.i.embedder.EclipseLogger - skip non existing resourceDirectory /Users/gasparemascolino/Library/Mobile Documents/com~apple~CloudDocs/Codes/SPRING/SPRING_BOOT/notes/src/test/resources
2021-02-25 17:57:36,016 [Worker-10: Updating Maven Dependencies] INFO  o.e.m.c.i.l.LifecycleMappingFactory - Using org.eclipse.m2e.jdt.JarLifecycleMapping lifecycle mapping for MavenProject: com.gm:notes:0.0.1-SNAPSHOT @ /Users/gasparemascolino/Library/Mobile Documents/com~apple~CloudDocs/Codes/SPRING/SPRING_BOOT/notes/pom.xml.
2021-02-25 17:57:37,224 [Worker-7: Building] INFO  o.e.m.c.i.embedder.EclipseLogger - Using 'UTF-8' encoding to copy filtered resources.
2021-02-25 17:57:37,224 [Worker-7: Building] INFO  o.e.m.c.i.embedder.EclipseLogger - Using 'UTF-8' encoding to copy filtered properties files.
2021-02-25 17:57:37,226 [Worker-7: Building] INFO  o.e.m.c.i.embedder.EclipseLogger - Copying 0 resource
2021-02-25 17:57:37,226 [Worker-7: Building] INFO  o.e.m.c.i.embedder.EclipseLogger - Copying 0 resource
2021-02-25 17:57:37,228 [Worker-7: Building] INFO  o.e.m.c.i.embedder.EclipseLogger - Using 'UTF-8' encoding to copy filtered resources.
2021-02-25 17:57:37,228 [Worker-7: Building] INFO  o.e.m.c.i.embedder.EclipseLogger - Using 'UTF-8' encoding to copy filtered properties files.
2021-02-25 17:57:37,229 [Worker-7: Building] INFO  o.e.m.c.i.embedder.EclipseLogger - skip non existing resourceDirectory /Users/gasparemascolino/Library/Mobile Documents/com~apple~CloudDocs/Codes/SPRING/SPRING_BOOT/notes/src/test/resources
2021-02-25 18:04:43,701 [Worker-12: Launching notes - NotesApplication] INFO  o.e.m.c.i.embedder.EclipseLogger - Using 'UTF-8' encoding to copy filtered resources.
2021-02-25 18:04:43,702 [Worker-12: Launching notes - NotesApplication] INFO  o.e.m.c.i.embedder.EclipseLogger - Using 'UTF-8' encoding to copy filtered properties files.
2021-02-25 18:04:43,703 [Worker-12: Launching notes - NotesApplication] INFO  o.e.m.c.i.embedder.EclipseLogger - Copying 1 resource
2021-02-25 18:04:43,720 [Worker-12: Launching notes - NotesApplication] INFO  o.e.m.c.i.embedder.EclipseLogger - Copying 0 resource
2021-02-25 18:04:43,723 [Worker-12: Launching notes - NotesApplication] INFO  o.e.m.c.i.embedder.EclipseLogger - Using 'UTF-8' encoding to copy filtered resources.
2021-02-25 18:04:43,723 [Worker-12: Launching notes - NotesApplication] INFO  o.e.m.c.i.embedder.EclipseLogger - Using 'UTF-8' encoding to copy filtered properties files.
2021-02-25 18:04:43,724 [Worker-12: Launching notes - NotesApplication] INFO  o.e.m.c.i.embedder.EclipseLogger - skip non existing resourceDirectory /Users/gasparemascolino/Library/Mobile Documents/com~apple~CloudDocs/Codes/SPRING/SPRING_BOOT/notes/src/test/resources
2021-02-25 18:20:50,074 [Worker-14: Building] INFO  o.e.m.c.i.l.LifecycleMappingFactory - Using org.eclipse.m2e.jdt.JarLifecycleMapping lifecycle mapping for MavenProject: com.gm:notes:0.0.1-SNAPSHOT @ /Users/gasparemascolino/Library/Mobile Documents/com~apple~CloudDocs/Codes/SPRING/SPRING_BOOT/notes/pom.xml.
2021-02-25 18:20:50,308 [Worker-14: Building] INFO  o.e.m.c.i.embedder.EclipseLogger - Using 'UTF-8' encoding to copy filtered resources.
2021-02-25 18:20:50,308 [Worker-14: Building] INFO  o.e.m.c.i.embedder.EclipseLogger - Using 'UTF-8' encoding to copy filtered properties files.
2021-02-25 18:20:50,310 [Worker-14: Building] INFO  o.e.m.c.i.embedder.EclipseLogger - Copying 0 resource
2021-02-25 18:20:50,310 [Worker-14: Building] INFO  o.e.m.c.i.embedder.EclipseLogger - Copying 0 resource
2021-02-25 18:20:50,312 [Worker-14: Building] INFO  o.e.m.c.i.embedder.EclipseLogger - Using 'UTF-8' encoding to copy filtered resources.
2021-02-25 18:20:50,312 [Worker-14: Building] INFO  o.e.m.c.i.embedder.EclipseLogger - Using 'UTF-8' encoding to copy filtered properties files.
2021-02-25 18:20:50,312 [Worker-14: Building] INFO  o.e.m.c.i.embedder.EclipseLogger - skip non existing resourceDirectory /Users/gasparemascolino/Library/Mobile Documents/com~apple~CloudDocs/Codes/SPRING/SPRING_BOOT/notes/src/test/resources
2021-02-25 18:20:51,589 [Worker-22: Building] INFO  o.e.m.c.i.embedder.EclipseLogger - Using 'UTF-8' encoding to copy filtered resources.
2021-02-25 18:20:51,589 [Worker-22: Building] INFO  o.e.m.c.i.embedder.EclipseLogger - Using 'UTF-8' encoding to copy filtered properties files.
2021-02-25 18:20:51,590 [Worker-22: Building] INFO  o.e.m.c.i.embedder.EclipseLogger - Copying 1 resource
2021-02-25 18:20:51,592 [Worker-21: Download sources and javadoc] INFO  o.e.m.c.i.e.AbstractTransferListenerAdapter - Downloading https://repo.maven.apache.org/maven2/com/oracle/database/jdbc/ojdbc8/19.8.0.0/ojdbc8-19.8.0.0-sources.jar
2021-02-25 18:20:51,625 [Worker-22: Building] INFO  o.e.m.c.i.embedder.EclipseLogger - Copying 0 resource
2021-02-25 18:20:51,628 [Worker-22: Building] INFO  o.e.m.c.i.embedder.EclipseLogger - Using 'UTF-8' encoding to copy filtered resources.
2021-02-25 18:20:51,628 [Worker-22: Building] INFO  o.e.m.c.i.embedder.EclipseLogger - Using 'UTF-8' encoding to copy filtered properties files.
2021-02-25 18:20:51,628 [Worker-22: Building] INFO  o.e.m.c.i.embedder.EclipseLogger - skip non existing resourceDirectory /Users/gasparemascolino/Library/Mobile Documents/com~apple~CloudDocs/Codes/SPRING/SPRING_BOOT/notes/src/test/resources
2021-02-25 18:20:51,644 [Worker-21: Download sources and javadoc] INFO  o.e.m.c.i.e.AbstractTransferListenerAdapter - Downloaded https://repo.maven.apache.org/maven2/com/oracle/database/jdbc/ojdbc8/19.8.0.0/ojdbc8-19.8.0.0-sources.jar
2021-02-25 18:20:51,647 [Worker-21: Download sources and javadoc] INFO  o.e.m.j.internal.DownloadSourcesJob - Downloaded sources for com.oracle.database.jdbc:ojdbc8:19.8.0.0
2021-02-25 18:20:52,662 [Worker-21: Building] INFO  o.e.m.c.i.embedder.EclipseLogger - Using 'UTF-8' encoding to copy filtered resources.
2021-02-25 18:20:52,662 [Worker-21: Building] INFO  o.e.m.c.i.embedder.EclipseLogger - Using 'UTF-8' encoding to copy filtered properties files.
2021-02-25 18:20:52,662 [Worker-21: Building] INFO  o.e.m.c.i.embedder.EclipseLogger - Copying 0 resource
2021-02-25 18:20:52,662 [Worker-21: Building] INFO  o.e.m.c.i.embedder.EclipseLogger - Copying 0 resource
2021-02-25 18:20:52,663 [Worker-21: Building] INFO  o.e.m.c.i.embedder.EclipseLogger - Using 'UTF-8' encoding to copy filtered resources.
2021-02-25 18:20:52,663 [Worker-21: Building] INFO  o.e.m.c.i.embedder.EclipseLogger - Using 'UTF-8' encoding to copy filtered properties files.
2021-02-25 18:20:52,663 [Worker-21: Building] INFO  o.e.m.c.i.embedder.EclipseLogger - skip non existing resourceDirectory /Users/gasparemascolino/Library/Mobile Documents/com~apple~CloudDocs/Codes/SPRING/SPRING_BOOT/notes/src/test/resources
2021-02-25 18:22:34,997 [Worker-21: Building] INFO  o.e.m.c.i.l.LifecycleMappingFactory - Using org.eclipse.m2e.jdt.JarLifecycleMapping lifecycle mapping for MavenProject: com.gm:notes:0.0.1-SNAPSHOT @ /Users/gasparemascolino/Library/Mobile Documents/com~apple~CloudDocs/Codes/SPRING/SPRING_BOOT/notes/pom.xml.
2021-02-25 18:22:35,167 [Worker-21: Building] INFO  o.e.m.c.i.embedder.EclipseLogger - Using 'UTF-8' encoding to copy filtered resources.
2021-02-25 18:22:35,167 [Worker-21: Building] INFO  o.e.m.c.i.embedder.EclipseLogger - Using 'UTF-8' encoding to copy filtered properties files.
2021-02-25 18:22:35,168 [Worker-21: Building] INFO  o.e.m.c.i.embedder.EclipseLogger - Copying 0 resource
2021-02-25 18:22:35,168 [Worker-21: Building] INFO  o.e.m.c.i.embedder.EclipseLogger - Copying 0 resource
2021-02-25 18:22:35,170 [Worker-21: Building] INFO  o.e.m.c.i.embedder.EclipseLogger - Using 'UTF-8' encoding to copy filtered resources.
2021-02-25 18:22:35,170 [Worker-21: Building] INFO  o.e.m.c.i.embedder.EclipseLogger - Using 'UTF-8' encoding to copy filtered properties files.
2021-02-25 18:22:35,170 [Worker-21: Building] INFO  o.e.m.c.i.embedder.EclipseLogger - skip non existing resourceDirectory /Users/gasparemascolino/Library/Mobile Documents/com~apple~CloudDocs/Codes/SPRING/SPRING_BOOT/notes/src/test/resources
2021-02-25 18:22:36,525 [Worker-14: Building] INFO  o.e.m.c.i.embedder.EclipseLogger - Using 'UTF-8' encoding to copy filtered resources.
2021-02-25 18:22:36,525 [Worker-14: Building] INFO  o.e.m.c.i.embedder.EclipseLogger - Using 'UTF-8' encoding to copy filtered properties files.
2021-02-25 18:22:36,526 [Worker-14: Building] INFO  o.e.m.c.i.embedder.EclipseLogger - Copying 1 resource
2021-02-25 18:22:36,531 [Worker-14: Building] INFO  o.e.m.c.i.embedder.EclipseLogger - Copying 0 resource
2021-02-25 18:22:36,533 [Worker-14: Building] INFO  o.e.m.c.i.embedder.EclipseLogger - Using 'UTF-8' encoding to copy filtered resources.
2021-02-25 18:22:36,533 [Worker-14: Building] INFO  o.e.m.c.i.embedder.EclipseLogger - Using 'UTF-8' encoding to copy filtered properties files.
2021-02-25 18:22:36,533 [Worker-14: Building] INFO  o.e.m.c.i.embedder.EclipseLogger - skip non existing resourceDirectory /Users/gasparemascolino/Library/Mobile Documents/com~apple~CloudDocs/Codes/SPRING/SPRING_BOOT/notes/src/test/resources
2021-02-25 18:24:22,587 [Worker-21: Building] INFO  o.e.m.c.i.l.LifecycleMappingFactory - Using org.eclipse.m2e.jdt.JarLifecycleMapping lifecycle mapping for MavenProject: com.gm:notes:0.0.1-SNAPSHOT @ /Users/gasparemascolino/Library/Mobile Documents/com~apple~CloudDocs/Codes/SPRING/SPRING_BOOT/notes/pom.xml.
2021-02-25 18:24:22,749 [Worker-21: Building] INFO  o.e.m.c.i.embedder.EclipseLogger - Using 'UTF-8' encoding to copy filtered resources.
2021-02-25 18:24:22,749 [Worker-21: Building] INFO  o.e.m.c.i.embedder.EclipseLogger - Using 'UTF-8' encoding to copy filtered properties files.
2021-02-25 18:24:22,750 [Worker-21: Building] INFO  o.e.m.c.i.embedder.EclipseLogger - Copying 0 resource
2021-02-25 18:24:22,750 [Worker-21: Building] INFO  o.e.m.c.i.embedder.EclipseLogger - Copying 0 resource
2021-02-25 18:24:22,752 [Worker-21: Building] INFO  o.e.m.c.i.embedder.EclipseLogger - Using 'UTF-8' encoding to copy filtered resources.
2021-02-25 18:24:22,752 [Worker-21: Building] INFO  o.e.m.c.i.embedder.EclipseLogger - Using 'UTF-8' encoding to copy filtered properties files.
2021-02-25 18:24:22,752 [Worker-21: Building] INFO  o.e.m.c.i.embedder.EclipseLogger - skip non existing resourceDirectory /Users/gasparemascolino/Library/Mobile Documents/com~apple~CloudDocs/Codes/SPRING/SPRING_BOOT/notes/src/test/resources
2021-02-25 18:24:24,113 [Worker-24: Building] INFO  o.e.m.c.i.embedder.EclipseLogger - Using 'UTF-8' encoding to copy filtered resources.
2021-02-25 18:24:24,113 [Worker-24: Building] INFO  o.e.m.c.i.embedder.EclipseLogger - Using 'UTF-8' encoding to copy filtered properties files.
2021-02-25 18:24:24,114 [Worker-24: Building] INFO  o.e.m.c.i.embedder.EclipseLogger - Copying 1 resource
2021-02-25 18:24:24,123 [Worker-24: Building] INFO  o.e.m.c.i.embedder.EclipseLogger - Copying 0 resource
2021-02-25 18:24:24,125 [Worker-24: Building] INFO  o.e.m.c.i.embedder.EclipseLogger - Using 'UTF-8' encoding to copy filtered resources.
2021-02-25 18:24:24,126 [Worker-24: Building] INFO  o.e.m.c.i.embedder.EclipseLogger - Using 'UTF-8' encoding to copy filtered properties files.
2021-02-25 18:24:24,126 [Worker-24: Building] INFO  o.e.m.c.i.embedder.EclipseLogger - skip non existing resourceDirectory /Users/gasparemascolino/Library/Mobile Documents/com~apple~CloudDocs/Codes/SPRING/SPRING_BOOT/notes/src/test/resources
2021-02-25 18:25:31,545 [Worker-23: Building] INFO  o.e.m.c.i.embedder.EclipseLogger - Using 'UTF-8' encoding to copy filtered resources.
2021-02-25 18:25:31,545 [Worker-23: Building] INFO  o.e.m.c.i.embedder.EclipseLogger - Using 'UTF-8' encoding to copy filtered properties files.
2021-02-25 18:25:31,545 [Worker-23: Building] INFO  o.e.m.c.i.embedder.EclipseLogger - Copying 1 resource
2021-02-25 18:25:31,555 [Worker-23: Building] INFO  o.e.m.c.i.embedder.EclipseLogger - Copying 0 resource
2021-02-25 18:25:31,557 [Worker-23: Building] INFO  o.e.m.c.i.embedder.EclipseLogger - Using 'UTF-8' encoding to copy filtered resources.
2021-02-25 18:25:31,557 [Worker-23: Building] INFO  o.e.m.c.i.embedder.EclipseLogger - Using 'UTF-8' encoding to copy filtered properties files.
2021-02-25 18:25:31,557 [Worker-23: Building] INFO  o.e.m.c.i.embedder.EclipseLogger - skip non existing resourceDirectory /Users/gasparemascolino/Library/Mobile Documents/com~apple~CloudDocs/Codes/SPRING/SPRING_BOOT/notes/src/test/resources
